WARNING: 31050: No comments found for course taught after 2007
WARNING: 32108: Course has no instructors
WARNING: 31849: Course has no instructors
WARNING: 31346: Course has no instructors
WARNING: 31826: Course has no instructors
WARNING: 31833: Course has no instructors
WARNING: 31678: Course has no instructors
WARNING: 32070: Course has no instructors
WARNING: 31209: No comments found for course taught after 2007
WARNING: 31116: No comments found for course taught after 2007
WARNING: 31012: No comments found for course taught after 2007
WARNING: 31759: Course has no instructors
WARNING: 31402: Course has no instructors
WARNING: 31403: No comments found for course taught after 2007
WARNING: 31589: Course has no instructors
WARNING: 31347: No comments found for course taught after 2007
WARNING: 31348: Course has no instructors
WARNING: 31406: Course has no instructors
WARNING: 31220: Course has no instructors
WARNING: 31963: Course has no instructors
WARNING: 31317: Course has no instructors
WARNING: 31315: Course has no instructors
WARNING: 31040: Course has no instructors
WARNING: 32204: Course has no instructors
WARNING: 31754: Course has no instructors
WARNING: 31652: Course has no instructors
WARNING: 31718: Course has no instructors
WARNING: 31712: Course has no instructors
WARNING: 31713: Course has no instructors
WARNING: 32061: NO DATA FOUND
WARNING: 32217: No comments found for course taught after 2007
WARNING: 32217: Course has no instructors
WARNING: 31143: No comments found for course taught after 2007
WARNING: 32238: NO DATA FOUND FOR Francis Alexander Macdonald (8a4ac6a48a5c5f3b9ca80a05df5ef9b4)
WARNING: 31537: NO DATA FOUND FOR Wei Liu (34f5a7eb8343401f766701d3524940e3)
WARNING: 31537: NO DATA FOUND FOR Ye Tian (f567021001025372a724168baf116c75)
WARNING: 31061: No comments found for course taught after 2007
WARNING: 31694: No comments found for course taught after 2007
WARNING: 32138: Course has no instructors
WARNING: 31247: No comments found for course taught after 2007
WARNING: 32075: Course has no instructors
WARNING: 31917: No comments found for course taught after 2007
WARNING: 31490: No comments found for course taught after 2007
WARNING: 31333: No comments found for course taught after 2007
WARNING: 31097: Course has no instructors
WARNING: 31086: No comments found for course taught after 2007
WARNING: 31086: Course has no instructors
WARNING: 32210: Course has no instructors
WARNING: 32213: No comments found for course taught after 2007
WARNING: 32132: No comments found for course taught after 2007
WARNING: 31773: No comments found for course taught after 2007
WARNING: 31773: Course has no instructors
WARNING: 31155: Course has no instructors
WARNING: 31556: Course has no instructors
WARNING: 31417: Course has no instructors
WARNING: 31524: Course has no instructors
WARNING: 32206: No comments found for course taught after 2007
WARNING: 31873: NO DATA FOUND FOR Maximilian Kasy (62cc0dc492b1593956dd015fb7b2c47e)
WARNING: 31864: No comments found for course taught after 2007
WARNING: 31864: Course has no instructors
WARNING: 32164: Course has no instructors
WARNING: 31601: No comments found for course taught after 2007
WARNING: 31492: Course has no instructors
WARNING: 32083: No comments found for course taught after 2007
WARNING: 31544: No comments found for course taught after 2007
WARNING: 31822: No comments found for course taught after 2007
WARNING: 32198: Course has no instructors
WARNING: 31953: No comments found for course taught after 2007
WARNING: 31972: No comments found for course taught after 2007
WARNING: 31753: Course has no instructors
WARNING: 31956: No comments found for course taught after 2007
WARNING: 31979: No comments found for course taught after 2007
WARNING: 31709: No comments found for course taught after 2007
WARNING: 31596: No comments found for course taught after 2007
WARNING: 31276: Course has no instructors
WARNING: 32041: Course has no instructors
WARNING: 31164: Course has no instructors
WARNING: 31235: Course has no instructors
WARNING: 31237: Course has no instructors
WARNING: 31136: Course has no instructors
WARNING: 31137: Course has no instructors
WARNING: 32186: Course has no instructors
WARNING: 32187: Course has no instructors
WARNING: 32194: Course has no instructors
WARNING: 32201: Course has no instructors
WARNING: 32202: Course has no instructors
WARNING: 32127: No comments found for course taught after 2007
WARNING: 31142: Course has no instructors
WARNING: 31133: Course has no instructors
WARNING: 31590: Course has no instructors
WARNING: 31428: Course has no instructors
WARNING: 31996: No comments found for course taught after 2007
WARNING: 31721: Course has no instructors
WARNING: 32001: Course has no instructors
WARNING: 31528: Course has no instructors
WARNING: 31927: Course has no instructors
WARNING: 31999: No comments found for course taught after 2007
WARNING: 31269: Course has no instructors
WARNING: 31997: No comments found for course taught after 2007
WARNING: 31687: Course has no instructors
WARNING: 32052: No comments found for course taught after 2007
WARNING: 31683: No comments found for course taught after 2007
WARNING: 31928: No comments found for course taught after 2007
WARNING: 31263: Course has no instructors
WARNING: 31309: No comments found for course taught after 2007
WARNING: 31242: No comments found for course taught after 2007
WARNING: 31324: Course has no instructors
WARNING: 31986: No comments found for course taught after 2007
WARNING: 31200: Course has no instructors
WARNING: 31465: No comments found for course taught after 2007
WARNING: 31690: Course has no instructors
WARNING: 31349: Course has no instructors
WARNING: 31691: No comments found for course taught after 2007
WARNING: 31287: Course has no instructors
WARNING: 31588: No comments found for course taught after 2007
WARNING: 31639: No comments found for course taught after 2007
WARNING: 31950: No comments found for course taught after 2007
WARNING: 31722: No comments found for course taught after 2007
WARNING: 31284: No comments found for course taught after 2007
WARNING: 31371: Course has no instructors
WARNING: 32144: Course has no instructors
WARNING: 31140: Course has no instructors
WARNING: 31836: No comments found for course taught after 2007
WARNING: 31836: Course has no instructors
WARNING: 31771: No comments found for course taught after 2007
WARNING: 31771: Course has no instructors
WARNING: 31377: No comments found for course taught after 2007
WARNING: 31377: Course has no instructors
WARNING: 31468: No comments found for course taught after 2007
WARNING: 32218: No comments found for course taught after 2007
WARNING: 32218: Course has no instructors
WARNING: 31663: No comments found for course taught after 2007
WARNING: 31138: Course has no instructors
WARNING: 31726: No comments found for course taught after 2007
WARNING: 31283: No comments found for course taught after 2007
WARNING: 31696: No comments found for course taught after 2007
WARNING: 32154: No comments found for course taught after 2007
WARNING: 32154: Course has no instructors
WARNING: 32137: Course has no instructors
WARNING: 31576: Course has no instructors
WARNING: 31932: Course has no instructors
WARNING: 31163: No comments found for course taught after 2007
WARNING: 31919: No comments found for course taught after 2007
WARNING: 31261: No comments found for course taught after 2007
WARNING: 31448: No comments found for course taught after 2007
WARNING: 31105: No comments found for course taught after 2007
WARNING: 31550: No comments found for course taught after 2007
WARNING: 31148: No comments found for course taught after 2007
WARNING: 30995: No comments found for course taught after 2007
WARNING: 32032: Course has no instructors
WARNING: 31988: No comments found for course taught after 2007
WARNING: 32139: Course has no instructors
WARNING: 31896: No comments found for course taught after 2007
WARNING: 32258: No comments found for course taught after 2007
WARNING: 31989: No comments found for course taught after 2007
WARNING: 32140: Course has no instructors
WARNING: 31645: Course has no instructors
WARNING: 31899: No comments found for course taught after 2007
WARNING: 31895: No comments found for course taught after 2007
WARNING: 32568: Course has no instructors
WARNING: 32130: No comments found for course taught after 2007
WARNING: 31022: No comments found for course taught after 2007
WARNING: 31580: No comments found for course taught after 2007
WARNING: 31173: Course has no instructors
WARNING: 32146: No comments found for course taught after 2007
WARNING: 31196: Course has no instructors
WARNING: 32028: Course has no instructors
WARNING: 31265: No comments found for course taught after 2007
WARNING: 31796: No comments found for course taught after 2007
WARNING: 31310: No comments found for course taught after 2007
WARNING: 31644: No comments found for course taught after 2007
WARNING: 31416: No comments found for course taught after 2007
WARNING: 31571: No comments found for course taught after 2007
WARNING: 32095: No comments found for course taught after 2007
WARNING: 31810: No comments found for course taught after 2007
WARNING: 31749: No comments found for course taught after 2007
WARNING: 31360: No comments found for course taught after 2007
WARNING: 31710: No comments found for course taught after 2007
WARNING: 31087: No comments found for course taught after 2007
WARNING: 31378: Course has no instructors
WARNING: 31921: No comments found for course taught after 2007
WARNING: 31748: Course has no instructors
WARNING: 31288: Course has no instructors
WARNING: 31212: Course has no instructors
WARNING: 32173: Course has no instructors
WARNING: 31593: Course has no instructors
WARNING: 31120: Course has no instructors
WARNING: 31139: No comments found for course taught after 2007
WARNING: 31498: No comments found for course taught after 2007
WARNING: 31222: No comments found for course taught after 2007
WARNING: 31364: No comments found for course taught after 2007
WARNING: 31424: No comments found for course taught after 2007
WARNING: 31161: Course has no instructors
WARNING: 31162: Course has no instructors
WARNING: 31628: NO DATA FOUND FOR Florian Engert (1af36f76d42e3b8eb7b8d64c532a3985)
WARNING: 31241: No comments found for course taught after 2007
WARNING: 30989: No comments found for course taught after 2007
WARNING: 31469: Course has no instructors
WARNING: 31322: No comments found for course taught after 2007
WARNING: 32123: Course has no instructors
WARNING: 31742: Course has no instructors
WARNING: 31669: Course has no instructors
WARNING: 31845: Course has no instructors
WARNING: 30996: Course has no instructors
WARNING: 31904: No comments found for course taught after 2007
WARNING: 31409: Course has no instructors
WARNING: 31824: Course has no instructors
WARNING: 31831: Course has no instructors
WARNING: 31870: Course has no instructors
WARNING: 31865: Course has no instructors
WARNING: 31949: Course has no instructors
WARNING: 31852: Course has no instructors
WARNING: 32005: Course has no instructors
WARNING: 31786: Course has no instructors
WARNING: 31075: No comments found for course taught after 2007
WARNING: 31489: Course has no instructors
WARNING: 31819: Course has no instructors
WARNING: 31863: Course has no instructors
WARNING: 31447: No comments found for course taught after 2007
WARNING: 31799: Course has no instructors
WARNING: 31804: Course has no instructors
WARNING: 31193: Course has no instructors
WARNING: 31228: Course has no instructors
WARNING: 31686: Course has no instructors
WARNING: 31693: Course has no instructors
WARNING: 32155: Course has no instructors
WARNING: 31262: No comments found for course taught after 2007
WARNING: 31558: Course has no instructors
WARNING: 32091: Course has no instructors
WARNING: 31764: Course has no instructors
WARNING: 31751: NO DATA FOUND FOR Carole Bergin (f6c79eed4fe81d56db624f228deb2e2e)
WARNING: 31752: NO DATA FOUND FOR Carole Bergin (f6c79eed4fe81d56db624f228deb2e2e)
WARNING: 32107: No comments found for course taught after 2007
WARNING: 32107: Course has no instructors
WARNING: 32116: No comments found for course taught after 2007
WARNING: 32116: Course has no instructors
WARNING: 31698: No comments found for course taught after 2007
WARNING: 31698: Course has no instructors
WARNING: 31795: Course has no instructors
WARNING: 31783: Course has no instructors
WARNING: 32096: Course has no instructors
WARNING: 31743: Course has no instructors
WARNING: 31744: Course has no instructors
WARNING: 31763: Course has no instructors
WARNING: 31717: Course has no instructors
WARNING: 31443: Course has no instructors
WARNING: 31321: Course has no instructors
WARNING: 31394: Course has no instructors
WARNING: 31777: Course has no instructors
WARNING: 31727: Course has no instructors
WARNING: 31792: Course has no instructors
WARNING: 31769: Course has no instructors
WARNING: 31800: Course has no instructors
WARNING: 31778: Course has no instructors
WARNING: 31760: Course has no instructors
WARNING: 31015: No comments found for course taught after 2007
WARNING: 32062: Course has no instructors
WARNING: 31776: Course has no instructors
WARNING: 32065: Course has no instructors
WARNING: 31854: Course has no instructors
WARNING: 32220: No comments found for course taught after 2007
WARNING: 32278: No comments found for course taught after 2007
WARNING: 32148: No comments found for course taught after 2007
WARNING: 32148: Course has no instructors
WARNING: 32016: No comments found for course taught after 2007
WARNING: 31798: Course has no instructors
WARNING: 31909: No comments found for course taught after 2007
WARNING: 31118: No comments found for course taught after 2007
WARNING: 32162: Course has no instructors
WARNING: 32029: Course has no instructors
WARNING: 32205: Course has no instructors
WARNING: 32057: Course has no instructors
WARNING: 31485: Course has no instructors
WARNING: 32015: Course has no instructors
WARNING: 31128: No comments found for course taught after 2007
WARNING: 31420: Course has no instructors
WARNING: 31455: NO DATA FOUND FOR Michael E. J. Witzel (5ba259e923ae9ecd6970409a8d33897d)
WARNING: 32216: No comments found for course taught after 2007
WARNING: 31553: NO DATA FOUND FOR Parimal G. Patil (406c66c2ec01af17cb5feb020ed97cf6)
WARNING: 31482: No comments found for course taught after 2007
WARNING: 31554: NO DATA FOUND FOR Leonard van der Kuijp (59cd896e88d4d9a4f84994a96462d10a)
WARNING: 31351: Course has no instructors
WARNING: 31294: Course has no instructors
WARNING: 31662: Course has no instructors
WARNING: 31573: Course has no instructors
WARNING: 31453: Course has no instructors
WARNING: 31368: Course has no instructors
WARNING: 31961: No comments found for course taught after 2007
WARNING: 31961: Course has no instructors
WARNING: 31962: Course has no instructors
WARNING: 31369: Course has no instructors
WARNING: 32073: Course has no instructors
WARNING: 31901: No comments found for course taught after 2007
WARNING: 32115: Course has no instructors
WARNING: 32007: No comments found for course taught after 2007
WARNING: 31472: No comments found for course taught after 2007
WARNING: 31472: Course has no instructors
WARNING: 31607: No comments found for course taught after 2007
WARNING: 31607: Course has no instructors
WARNING: 31473: No comments found for course taught after 2007
WARNING: 31473: Course has no instructors
WARNING: 31714: No comments found for course taught after 2007
WARNING: 31714: Course has no instructors
WARNING: 31521: No comments found for course taught after 2007
WARNING: 31521: Course has no instructors
WARNING: 31167: No comments found for course taught after 2007
WARNING: 31167: Course has no instructors
WARNING: 31295: No comments found for course taught after 2007
WARNING: 31295: Course has no instructors
WARNING: 31522: No comments found for course taught after 2007
WARNING: 31522: Course has no instructors
WARNING: 31523: Course has no instructors
WARNING: 31990: No comments found for course taught after 2007
WARNING: 31122: No comments found for course taught after 2007
WARNING: 31982: Course has no instructors
WARNING: 30990: Course has no instructors
WARNING: 31700: No comments found for course taught after 2007
WARNING: 32022: No comments found for course taught after 2007
WARNING: 31358: Course has no instructors
WARNING: 32159: Course has no instructors
WARNING: 31471: Course has no instructors
WARNING: 31657: Course has no instructors
WARNING: 31666: Course has no instructors
WARNING: 31667: Course has no instructors
WARNING: 32906: No comments found for course taught after 2007
WARNING: 33870: NO DATA FOUND FOR John M Mugane (8991604883a4ca2601298f8ea013b389)
WARNING: 32934: No comments found for course taught after 2007
WARNING: 32991: Course has no instructors
WARNING: 33007: Course has no instructors
WARNING: 33009: Course has no instructors
WARNING: 33011: Course has no instructors
WARNING: 33012: Course has no instructors
WARNING: 33013: NO DATA FOUND
WARNING: 33355: Course has no instructors
WARNING: 33921: Course has no instructors
WARNING: 33038: NO DATA FOUND
WARNING: 33034: Course has no instructors
WARNING: 33074: Course has no instructors
WARNING: 33105: No comments found for course taught after 2007
WARNING: 33045: No comments found for course taught after 2007
WARNING: 33059: NO DATA FOUND
WARNING: 33117: No comments found for course taught after 2007
WARNING: 33118: No comments found for course taught after 2007
WARNING: 33119: No comments found for course taught after 2007
WARNING: 33377: No comments found for course taught after 2007
WARNING: 33379: No comments found for course taught after 2007
WARNING: 33383: No comments found for course taught after 2007
WARNING: 33417: Course has no instructors
WARNING: 33882: NO DATA FOUND FOR Mettursun Beydulla (7f3ae1b41c7ac4f8dde3fb9777f1b715)
WARNING: 33175: No comments found for course taught after 2007
WARNING: 32649: No comments found for course taught after 2007
WARNING: 33129: Course has no instructors
WARNING: 33137: Course has no instructors
WARNING: 33150: No comments found for course taught after 2007
WARNING: 33151: No comments found for course taught after 2007
WARNING: 33166: No comments found for course taught after 2007
WARNING: 33167: No comments found for course taught after 2007
WARNING: 33167: Course has no instructors
WARNING: 33170: No comments found for course taught after 2007
WARNING: 33170: Course has no instructors
WARNING: 32970: Course has no instructors
WARNING: 32972: No comments found for course taught after 2007
WARNING: 32973: No comments found for course taught after 2007
WARNING: 33090: No comments found for course taught after 2007
WARNING: 32710: Course has no instructors
WARNING: 32712: No comments found for course taught after 2007
WARNING: 32713: No comments found for course taught after 2007
WARNING: 32727: No comments found for course taught after 2007
WARNING: 32672: NO DATA FOUND FOR Elisa New (4a5464d10ff288b7cdbf1706d223581a)
WARNING: 32673: NO DATA FOUND FOR Amanda Claybaugh (b1effcd0137c87e90720c4f1ce188b60)
WARNING: 32674: No comments found for course taught after 2007
WARNING: 32674: NO DATA FOUND FOR Ju Yon Kim (9be070bbc0c9ef235945d1a43c84ead9)
WARNING: 32675: No comments found for course taught after 2007
WARNING: 32675: NO DATA FOUND FOR David J Alworth (2bb91eafdc78f5206edf79204a6615e5)
WARNING: 32676: NO DATA FOUND FOR Matthew Kaiser (a1ecbb1362c1ea240192a7f5d65a2455)
WARNING: 32677: Course has no instructors
WARNING: 32678: NO DATA FOUND FOR John Stauffer (5803a5a34ebf6e53757c113ac97051c0)
WARNING: 33968: NO DATA FOUND FOR Katherine Bennett Gustafson (e59fbdae32b15651190f5061a2f89943)
WARNING: 32679: NO DATA FOUND FOR Marc Shell (e23d103e4569abae053b4255d84f6b4c)
WARNING: 32680: NO DATA FOUND FOR Michael Shinagel (862fbbb8a67a7ea25e3ae6fc1e692e82)
WARNING: 32681: No comments found for course taught after 2007
WARNING: 32681: NO DATA FOUND FOR Helen Vendler (30de75d38dd3774fd3c394f1d09925ba)
WARNING: 32682: NO DATA FOUND FOR Leah Jane Whittington (f1afd38f19ceaa97ac9a8f1dcf218c90)
WARNING: 32683: NO DATA FOUND FOR Elisa New (4a5464d10ff288b7cdbf1706d223581a)
WARNING: 32684: NO DATA FOUND FOR Peter Sacks (55c975c347a57bd87c7b5ce07595d7ae)
WARNING: 34598: NO DATA FOUND
WARNING: 32685: NO DATA FOUND FOR Leah Price (0ef7948155cd9d9a60741208490dfa16)
WARNING: 32686: NO DATA FOUND FOR Matthew Kaiser (a1ecbb1362c1ea240192a7f5d65a2455)
WARNING: 32687: Course has no instructors
WARNING: 32652: NO DATA FOUND FOR Daniel Donoghue (307f0d7f3dc57c87ae2a6fd35de718f1)
WARNING: 32653: NO DATA FOUND FOR Steven Peter Rozenski (66ddee5a9e67a66c3fe6f53805bb3cf3)
WARNING: 32654: NO DATA FOUND FOR Leah Jane Whittington (f1afd38f19ceaa97ac9a8f1dcf218c90)
WARNING: 32655: NO DATA FOUND FOR Gordon Teskey (81795a7c11ac0a0cad4d9a00bdd35969)
WARNING: 32656: NO DATA FOUND FOR Katherine Bennett Gustafson (e59fbdae32b15651190f5061a2f89943)
WARNING: 32657: NO DATA FOUND FOR James Wood (0c13de022a0c302baa8d4a17f576feb3)
WARNING: 32658: NO DATA FOUND FOR Louis Menand (07fdfb60a7fb21efbf1410eddec9cad3)
WARNING: 32659: NO DATA FOUND FOR Glenda R. Carpio (2573af4905b8b108f21ba8a6bbb3391e)
WARNING: 32660: No comments found for course taught after 2007
WARNING: 32660: NO DATA FOUND FOR Ju Yon Kim (9be070bbc0c9ef235945d1a43c84ead9)
WARNING: 32661: NO DATA FOUND FOR David John Babcock (ac4425c406ff99f1255fc6d1acbe2670)
WARNING: 32662: NO DATA FOUND FOR Elaine Scarry (fbcae4c854da68515f9e803f0920389f)
WARNING: 32663: No comments found for course taught after 2007
WARNING: 32663: NO DATA FOUND FOR Marjorie Garber (2800b74f91e501cd019a46fd48a90074)
WARNING: 32664: NO DATA FOUND FOR James Engell (04e26e5745cc926d59c1ed8a45ff9efc)
WARNING: 32665: NO DATA FOUND FOR Louis Menand (07fdfb60a7fb21efbf1410eddec9cad3)
WARNING: 32666: NO DATA FOUND FOR Stephen Burt (c52476beecb36712d85097fc658f5ff9)
WARNING: 32667: NO DATA FOUND FOR Elaine Scarry (fbcae4c854da68515f9e803f0920389f)
WARNING: 32668: No comments found for course taught after 2007
WARNING: 32668: NO DATA FOUND FOR Homi Bhabha (6e359c075339c768bc4c50e554a27b9d)
WARNING: 32668: NO DATA FOUND FOR Diana Sorensen (4b538751041b9c94316547cd9f43706b)
WARNING: 32751: NO DATA FOUND FOR John Briscoe (6ec3459ad22241c85f27f50656227bb6)
WARNING: 32752: NO DATA FOUND FOR Richard T.T. Forman (400778383e89ab4aedbc6d7993b4564b)
WARNING: 32753: NO DATA FOUND FOR George P. Baker (97db06e44842cbfa75968255a1141a45)
WARNING: 32754: NO DATA FOUND FOR John D. Spengler (4456b253a82f763b301eb7f6bd039590)
WARNING: 32762: NO DATA FOUND FOR Jerusha Achterberg (d72a6188e7beff62fa317866c2584991)
WARNING: 32763: NO DATA FOUND FOR Jerusha Achterberg (d72a6188e7beff62fa317866c2584991)
WARNING: 32764: NO DATA FOUND FOR Kevin Brian Birmingham (79b78442243fd2172688fdd0471cd27a)
WARNING: 32765: NO DATA FOUND FOR Tad Davies (bb35b75883fdb5a463017bbb572976ef)
WARNING: 32766: NO DATA FOUND FOR Tad Davies (bb35b75883fdb5a463017bbb572976ef)
WARNING: 32767: NO DATA FOUND FOR Ariane Liazos (0930846879669f9c379ef04a5e721f58)
WARNING: 32768: NO DATA FOUND FOR Ariane Liazos (0930846879669f9c379ef04a5e721f58)
WARNING: 32769: NO DATA FOUND FOR Michele Martinez (263b7429b183c90c901136bdb5e8707d)
WARNING: 32770: NO DATA FOUND FOR Michele Martinez (263b7429b183c90c901136bdb5e8707d)
WARNING: 32771: NO DATA FOUND FOR Jane Rosenzweig (c6c1a24c5768d567ea6092487f94b2b9)
WARNING: 32772: NO DATA FOUND FOR Emily Shelton (e3274590201ef85ff8fd556a1631892f)
WARNING: 32773: NO DATA FOUND FOR Emily Shelton (e3274590201ef85ff8fd556a1631892f)
WARNING: 32774: NO DATA FOUND FOR Zachary Sifuentes (a8cdcade3f0696e038669e6d336f9a17)
WARNING: 32775: No comments found for course taught after 2007
WARNING: 32775: NO DATA FOUND FOR Lindsay Silver Cohen (4ea96bc91fb1b60a29f8dddd13f702a6)
WARNING: 32776: NO DATA FOUND FOR Joaquin Sebastian Terrones (b35bfc9cb14cf94fa7b3641d780b78c1)
WARNING: 32777: NO DATA FOUND FOR Joaquin Sebastian Terrones (b35bfc9cb14cf94fa7b3641d780b78c1)
WARNING: 32778: NO DATA FOUND FOR Jane Unrue (85071aa36ff9ab8a8aa3913c43763e9e)
WARNING: 32779: NO DATA FOUND FOR Jane Unrue (85071aa36ff9ab8a8aa3913c43763e9e)
WARNING: 32780: NO DATA FOUND FOR William Weitzel (6b789f45916a4fb6826575bf244e5205)
WARNING: 32781: NO DATA FOUND FOR William Weitzel (6b789f45916a4fb6826575bf244e5205)
WARNING: 32782: No comments found for course taught after 2007
WARNING: 32782: NO DATA FOUND FOR Lindsay Silver Cohen (4ea96bc91fb1b60a29f8dddd13f702a6)
WARNING: 32783: NO DATA FOUND FOR Matthew T. Levay (485d85c42ed450988ee969ed99b130b7)
WARNING: 32784: NO DATA FOUND FOR Matthew T. Levay (485d85c42ed450988ee969ed99b130b7)
WARNING: 32785: NO DATA FOUND FOR Ken Urban (66c19acde37385eec4ad8883b51f6cf9)
WARNING: 32786: NO DATA FOUND FOR Ken Urban (66c19acde37385eec4ad8883b51f6cf9)
WARNING: 32787: No comments found for course taught after 2007
WARNING: 32787: NO DATA FOUND FOR Owen Chen (1341ccb7bd27f47e68625b63b15281d1)
WARNING: 32788: No comments found for course taught after 2007
WARNING: 32788: NO DATA FOUND FOR Owen Chen (1341ccb7bd27f47e68625b63b15281d1)
WARNING: 32789: NO DATA FOUND FOR James P Herron (a14471bef9b8cda7e7fa9184b388dfd5)
WARNING: 32790: NO DATA FOUND FOR Karen Heath (e308fa75205279ffab40062809768086)
WARNING: 32791: NO DATA FOUND FOR Tess O'Toole (6f6fe0ae0a1c2c8f02a3df0d9f9c025e)
WARNING: 32792: NO DATA FOUND FOR Kelsey McNiff (b3f1e176711ac6acc2566ece5ff622cf)
WARNING: 32793: NO DATA FOUND FOR Kelsey McNiff (b3f1e176711ac6acc2566ece5ff622cf)
WARNING: 32794: NO DATA FOUND FOR Jonah M. Johnson (cbc0608d6e56aa0c1b3281c16e205e4d)
WARNING: 32795: NO DATA FOUND FOR Jonah M. Johnson (cbc0608d6e56aa0c1b3281c16e205e4d)
WARNING: 32796: NO DATA FOUND FOR Dwight Fee (6f568441b593c47eed67e01bc36ce846)
WARNING: 32797: NO DATA FOUND FOR Dwight Fee (6f568441b593c47eed67e01bc36ce846)
WARNING: 32798: NO DATA FOUND FOR David Hahn (3c0e62177db573b334aa01a2df530cdb)
WARNING: 32799: NO DATA FOUND FOR David Hahn (3c0e62177db573b334aa01a2df530cdb)
WARNING: 32800: NO DATA FOUND FOR Christina Kim Becker (e86fa9b7a27ce6cb2d91b233a53ec583)
WARNING: 32801: NO DATA FOUND FOR David C. Barber (1d9562f3ecdbbf1dd9d3bae781b70eab)
WARNING: 32802: NO DATA FOUND FOR Adrienne Leigh Tierney (9ebea58018f737c8ba05f70b41d0c578)
WARNING: 32803: NO DATA FOUND FOR Rebecca Summerhays (48302705b35724980ea18e7aa77bd8f0)
WARNING: 32804: NO DATA FOUND FOR Rebecca Summerhays (48302705b35724980ea18e7aa77bd8f0)
WARNING: 32805: NO DATA FOUND FOR Christina Kim Becker (e86fa9b7a27ce6cb2d91b233a53ec583)
WARNING: 32806: NO DATA FOUND FOR Michael S. Allen (a2076f0d5dfc2c6fa2bc156e3fce801a)
WARNING: 32807: NO DATA FOUND FOR Michael S. Allen (a2076f0d5dfc2c6fa2bc156e3fce801a)
WARNING: 32808: NO DATA FOUND FOR Sara A Newland (cf5b370087713f7de2470d5d2bb0a65d)
WARNING: 32809: NO DATA FOUND FOR Sara A Newland (cf5b370087713f7de2470d5d2bb0a65d)
WARNING: 32810: NO DATA FOUND FOR Deirdre Alanna Mask (94a0a4322677333c1de4e8cfeed27eda)
WARNING: 32811: NO DATA FOUND FOR James A. Dennen (2848c11ad6636b3b01ffdd4b45b430de)
WARNING: 32812: NO DATA FOUND FOR Erin Leigh Blevins (bc80b981ee4d402ca2aa3b5ee7f7f730)
WARNING: 32813: NO DATA FOUND FOR Erin Leigh Blevins (bc80b981ee4d402ca2aa3b5ee7f7f730)
WARNING: 32814: NO DATA FOUND FOR Justine De Young (a781670f6f7a4f3d82cbaf3862051acd)
WARNING: 32815: NO DATA FOUND FOR Justine De Young (a781670f6f7a4f3d82cbaf3862051acd)
WARNING: 32816: NO DATA FOUND FOR Adrienne Leigh Tierney (9ebea58018f737c8ba05f70b41d0c578)
WARNING: 32817: NO DATA FOUND FOR Donna L Mumme (33fca1797a84293a706fc859ee888d34)
WARNING: 32818: NO DATA FOUND FOR Donna L Mumme (33fca1797a84293a706fc859ee888d34)
WARNING: 32819: NO DATA FOUND FOR Peter Becker (c4f4dbacba249f6a09dfa3d5bdca3c6a)
WARNING: 32820: No comments found for course taught after 2007
WARNING: 32820: NO DATA FOUND FOR Michael Shane Boyle (3594e5010f103f2c757364ff8b34c16a)
WARNING: 32821: No comments found for course taught after 2007
WARNING: 32821: NO DATA FOUND FOR Michael Shane Boyle (3594e5010f103f2c757364ff8b34c16a)
WARNING: 32822: NO DATA FOUND FOR Brian T. Fobi (10c39763309221d4eb7e7ea9e7870e52)
WARNING: 32823: NO DATA FOUND FOR Brian T. Fobi (10c39763309221d4eb7e7ea9e7870e52)
WARNING: 32824: NO DATA FOUND FOR Janling L. Fu (8ba1304ec8e49fe4b02b8fd8598f93d9)
WARNING: 32825: NO DATA FOUND FOR Andrew Charles Karas (fe5d530a37616051f9f7ce8729c24b77)
WARNING: 32826: NO DATA FOUND FOR James A. Dennen (2848c11ad6636b3b01ffdd4b45b430de)
WARNING: 32827: NO DATA FOUND FOR Maria Tatar (ed0f2704d9dfbf8d7ba8ffb26ed869b6)
WARNING: 32828: NO DATA FOUND FOR Deborah Foster (83d1a11d2876209fab0af5af3824d31e)
WARNING: 32846: NO DATA FOUND FOR Abraham Loeb (6d7cac6055665863428b3b8265d2f9b6)
WARNING: 32847: No comments found for course taught after 2007
WARNING: 32847: NO DATA FOUND FOR Robert M. Woollacott (bdee9ebfe496595b8d0eaefc7862139d)
WARNING: 32848: Course has no instructors
WARNING: 32849: NO DATA FOUND FOR Michael Ross Canfield (d11e751c0adc602c003cc779a691e872)
WARNING: 32850: NO DATA FOUND FOR David R. Foster (8fe4c919f0cf1837be312e6fb273b72c)
WARNING: 32851: NO DATA FOUND FOR Sarah Toby Stewart Mukhopadhyay (2b64c778afe963cf0bb67d2e6d739b2b)
WARNING: 32852: NO DATA FOUND FOR Brian D. Farrell (61b660470f55e4527791e262c1d2da69)
WARNING: 32853: NO DATA FOUND FOR Robert Sackstein (85652225a3ea758d8a37874c06c39466)
WARNING: 32854: NO DATA FOUND FOR Jerome Elliot Groopman (0143229d4a6940013e566383ea76c79c)
WARNING: 32855: NO DATA FOUND FOR Shahram Khoshbin (62d37c88bd894fa76248a74365b260a1)
WARNING: 32856: NO DATA FOUND FOR Anne Pringle (92bf392fb2c4554e75b618f46df64864)
WARNING: 32857: NO DATA FOUND FOR C. Vafa (ca8d4e3d2bbc1845e3d152cd08e4eac2)
WARNING: 32858: NO DATA FOUND FOR Nancy Lee Etcoff (2d7447ca459cf055f39810e51aba6f27)
WARNING: 32859: NO DATA FOUND FOR Laura Marie Prager (52f69bd0b25c97caf39c1d690510cda5)
WARNING: 32860: No comments found for course taught after 2007
WARNING: 32860: NO DATA FOUND FOR Deirdre Leigh Barrett (f494d3ce59d9602bc96fe2b56d48d7b6)
WARNING: 32861: NO DATA FOUND FOR Lisa Randall (0480f9b4524e6d7fd30275e60d5a8676)
WARNING: 32862: NO DATA FOUND FOR Gerald E. Sacks (2b8cae327405cf3dfeed5b944e593b4a)
WARNING: 32863: NO DATA FOUND FOR George Daniel Demetri (9080b0df0b8212538427f6e3407abeb5)
WARNING: 32864: NO DATA FOUND FOR Douglas Melton (ddc593582e5426a8520503fa4662c866)
WARNING: 32865: No comments found for course taught after 2007
WARNING: 32865: NO DATA FOUND FOR Karine Alexine Gibbs (665b31d42ba5d6c2dafd6e0132802236)
WARNING: 32866: NO DATA FOUND FOR Simon Roy Innes (0ae1f6cebc36be850073142228e3ad99)
WARNING: 32867: NO DATA FOUND FOR Kate van Orden (54788d10e00a364988e0b1db01061510)
WARNING: 32868: Course has no instructors
WARNING: 32869: NO DATA FOUND FOR Timothy M. Wientzen (334733d5a3fb2e126482973d42c1dd02)
WARNING: 32870: NO DATA FOUND FOR Deborah Foster (83d1a11d2876209fab0af5af3824d31e)
WARNING: 32871: NO DATA FOUND FOR Leonard van der Kuijp (59cd896e88d4d9a4f84994a96462d10a)
WARNING: 32872: NO DATA FOUND FOR Ruth Stella Lingford (5129580f56c96835f723b5918b802955)
WARNING: 32873: NO DATA FOUND FOR Peter S. Pershan (8c264a957c75f9d200ddbaa48104433a)
WARNING: 32874: NO DATA FOUND FOR Zachary Sifuentes (a8cdcade3f0696e038669e6d336f9a17)
WARNING: 32875: NO DATA FOUND FOR Edward Roger Owen (616875680cc49d804e2a459e831cfc0b)
WARNING: 32876: No comments found for course taught after 2007
WARNING: 32876: NO DATA FOUND FOR John L. Barnard (557cca7bc8cbd95feddeb9bfd203f627)
WARNING: 32877: NO DATA FOUND FOR Wendy A. Lee (e1b34722c96f16f9fe740a7355f989af)
WARNING: 32878: NO DATA FOUND FOR Carolyn Abbate (a8cbc0bb1e8d387443b38a66562c28dd)
WARNING: 32879: NO DATA FOUND FOR Emma Dench (3267c80c65c067539f9206835d376078)
WARNING: 32879: NO DATA FOUND FOR Michael Puett (c5f5889e1d28d688d9d261ff25b6edbe)
WARNING: 32880: NO DATA FOUND FOR Theodore Stebbins (827b16116c9605c3821edc234908cbe9)
WARNING: 32881: NO DATA FOUND FOR Alan M Garber (e7bb95e859ff581d101853eb1b7ae476)
WARNING: 32882: NO DATA FOUND FOR James Hanken (a2674dc4d97172f91de4372453c6de21)
WARNING: 32883: NO DATA FOUND FOR Caitlin Marie Casey (c7990b5d7eef9b846d74c716380ef7e7)
WARNING: 32884: NO DATA FOUND FOR Ofrit Liviatan (7cbf3cd25c817a501a539cfa625e2755)
WARNING: 32885: No comments found for course taught after 2007
WARNING: 32885: NO DATA FOUND FOR Charles Freilich (561db0ffcebd9ddea3d3db0bd5e5a97c)
WARNING: 32886: NO DATA FOUND FOR Jennifer Lynn Carballo (cdd4a560f3660871ca71623548c577a3)
WARNING: 32887: NO DATA FOUND FOR Matt Miller (57e1500a744dff31148321275e5bca89)
WARNING: 32888: NO DATA FOUND FOR Ioanna Tourkochoriti (e9ed588b5f556a81e2edc2f5d3421b49)
WARNING: 32889: Course has no instructors
WARNING: 32890: NO DATA FOUND FOR Carla Yumatle (77fd3650b0856f2a4e98e49680ef5077)
WARNING: 32891: NO DATA FOUND FOR Chiwen Bao (88e296faab2145d3bb57888aab9b3ab0)
WARNING: 32892: NO DATA FOUND FOR Maria Tatar (ed0f2704d9dfbf8d7ba8ffb26ed869b6)
WARNING: 32894: No comments found for course taught after 2007
WARNING: 32894: NO DATA FOUND FOR Helen Vendler (30de75d38dd3774fd3c394f1d09925ba)
WARNING: 32895: NO DATA FOUND FOR Richard F. Thomas (8fc8c5c36b7feff59adb9a31b621d6ba)
WARNING: 32896: NO DATA FOUND FOR Susan R. Suleiman (703a20e0be193407c2f61754dfd48f41)
WARNING: 32897: NO DATA FOUND FOR Ryuichi Abe (87bf909bd5c621cd40e01c25b56bdf95)
WARNING: 32898: NO DATA FOUND FOR William Mills Todd (f9c1e173800d1dc8c3a65df81868849e)
WARNING: 32899: NO DATA FOUND FOR Tomiko Yoda (43666c2a2074cd809a0dc8115f868898)
WARNING: 32899: NO DATA FOUND FOR Alexander Zahlten (93e2ce4ee008656d8065c527b6afdf72)
WARNING: 32900: NO DATA FOUND FOR Benjamin Buchloh (0586b9f6943358b5ba57cd34253ba63e)
WARNING: 32900: NO DATA FOUND FOR Maria Elizabeth Gough (a45f47877bea4d9429e8087e3b6f9508)
WARNING: 32900: NO DATA FOUND FOR Ewa Lajer-Burcharth (6554df6d5af17648b84e59cbbd390ffb)
WARNING: 33095: NO DATA FOUND FOR Kathleen M. Coleman (9646d235fa698efc908533541db421a9)
WARNING: 33096: NO DATA FOUND FOR Ann M. Blair (81497fd91cf61783821fcf727ecd7ab6)
WARNING: 33097: NO DATA FOUND FOR Gary Urton (a512804ed79c861545ff45ddbf1564fc)
WARNING: 33098: NO DATA FOUND FOR Andreas Thomas Zanker (fe5f6f70c795234bd2cedf883de97500)
WARNING: 33099: No comments found for course taught after 2007
WARNING: 33099: NO DATA FOUND FOR Jonathan Hughes Bolton (56e0a0c2f19f7c66ce1f947e2fc0c56a)
WARNING: 33100: NO DATA FOUND FOR Ruth Wisse (76f43c5d4730d3f254d4b8cdd592f6a4)
WARNING: 33101: NO DATA FOUND FOR Daniel Donoghue (307f0d7f3dc57c87ae2a6fd35de718f1)
WARNING: 33102: NO DATA FOUND FOR Judith L. Ryan (54f3b25241b12492545ef7c0432b9081)
WARNING: 33103: NO DATA FOUND FOR James Engell (04e26e5745cc926d59c1ed8a45ff9efc)
WARNING: 33104: NO DATA FOUND FOR Martin Puchner (5fcd1f48f3a54ebfe504ba8649213dae)
WARNING: 33114: NO DATA FOUND FOR Andrew Murray (fcf09e7eafcd69479a3fce0556b11e5e)
WARNING: 32755: NO DATA FOUND FOR Mathias Risse (834b2af2fdae667e99ab506b12fab0fc)
WARNING: 32756: NO DATA FOUND FOR Jay M. Harris (1c42029af5532b00dc4de72f64384753)
WARNING: 32757: NO DATA FOUND FOR Michael Puett (c5f5889e1d28d688d9d261ff25b6edbe)
WARNING: 32757: NO DATA FOUND FOR Roberto Unger (364131a5f409e74f89a4ac6f8b2547e3)
WARNING: 32758: NO DATA FOUND FOR Mathias Risse (834b2af2fdae667e99ab506b12fab0fc)
WARNING: 32759: NO DATA FOUND FOR John Hamilton (4bfbc0671777708c7f556a2d9ecf2d1f)
WARNING: 32760: NO DATA FOUND FOR James Hankins (a0ffc0789d9f24e4f0d1e391c53ae727)
WARNING: 32760: NO DATA FOUND FOR Jeffrey Miron (807212da7d87a599335786ed90be70d5)
WARNING: 32760: NO DATA FOUND FOR Eric Matthew Nelson (180a2fbc62466322637515d00a5f2f34)
WARNING: 32761: NO DATA FOUND FOR Joyce E. Chaplin (4f1d85f4c37049f7a35b064b63677a57)
WARNING: 33701: NO DATA FOUND FOR Elizabeth Spelke (755c24d6f3dc2d38cf2eb586a699f45c)
WARNING: 33702: NO DATA FOUND FOR Joseph D. Brain (032515693bb0d1956b9c884a3202c50d)
WARNING: 33702: NO DATA FOUND FOR Stephanie A. Shore (05c8c5ba886d3b3205c4dedfccca25b5)
WARNING: 33703: NO DATA FOUND FOR Christopher Duggan (4a505125d60433fedfe22861e0bd50d8)
WARNING: 33703: NO DATA FOUND FOR Wafaie W. Fawzi (82267b94e9384068f392001630a1c36a)
WARNING: 33703: NO DATA FOUND FOR Clifford W. Lo (eb0b82d8a894c6dbf7e94b7d0a3ab3f1)
WARNING: 33704: NO DATA FOUND FOR Steven Pinker (1127b1ba1d72490825c0f39a5a430aed)
WARNING: 33705: NO DATA FOUND FOR Donald H. Pfister (4bee53341e1e8a9c831f393e139bc0a8)
WARNING: 33705: NO DATA FOUND FOR Andrew Richardson (df129a2ca944d92912ab7d20ced01ba6)
WARNING: 33706: NO DATA FOUND FOR Eric J. Heller (02bcfbc275978b4ce4b82cd4f4dec068)
WARNING: 33707: NO DATA FOUND FOR Jonathan E. Grindlay (45ad6f6a956c1c052f6f9f6732f7a1af)
WARNING: 33708: NO DATA FOUND FOR Irwin I. Shapiro (fd748ec6a9b9532e06a68594230f89fc)
WARNING: 33709: NO DATA FOUND FOR Michael B. McElroy (fb530e6d87831c18ca5db4b774d10846)
WARNING: 33710: NO DATA FOUND FOR Dimitar Sasselov (0139fada44d52dc48a046e1f0e26706e)
WARNING: 33801: NO DATA FOUND FOR Andrew Gordon (b3c9d6fd5652472791118e19cac39b84)
WARNING: 33801: NO DATA FOUND FOR David Howell (c9a33ec400b982c103b8704a4733d3a7)
WARNING: 33802: NO DATA FOUND FOR Maya Jasanoff (ebadaea9325bca0591f5c052ae859cd1)
WARNING: 33803: No comments found for course taught after 2007
WARNING: 33803: NO DATA FOUND FOR Mary D. Lewis (e73bb627243d65bf7cb295f3e556ea3c)
WARNING: 33804: NO DATA FOUND FOR Sue Goldie (874d83e57e01c38e9c521ca21188e286)
WARNING: 33805: NO DATA FOUND FOR Dani Rodrik (f3f60925425bd0be5c26b59271757939)
WARNING: 33805: NO DATA FOUND FOR Roberto Unger (364131a5f409e74f89a4ac6f8b2547e3)
WARNING: 33806: NO DATA FOUND FOR Theodore C Bestor (77ffed0ff6ba63862f7a3bd6b3205e91)
WARNING: 33807: NO DATA FOUND FOR Orlando Patterson (c197af23215b1e2c00da3a19634ab1a5)
WARNING: 33808: NO DATA FOUND FOR Robert Z. Lawrence (7ff02c8229e25c05cf6e195b8c642795)
WARNING: 33808: NO DATA FOUND FOR Lawrence H. Summers (020bdb00b65eac0a29b5330cde1c3440)
WARNING: 33809: NO DATA FOUND FOR William C. Kirby (d6a94661ebb0b8225880301389fb0449)
WARNING: 33877: NO DATA FOUND FOR Daniel Carpenter (d813d9ad777ee1eb7ddcb38ebb6c3ff4)
WARNING: 33878: NO DATA FOUND FOR Caroline Light (67a1dc7e159d9f57f7aa554402dea4a5)
WARNING: 33879: NO DATA FOUND FOR Alex Krieger (ecd72a7f49c813bf4b03b75faa0687df)
WARNING: 33880: NO DATA FOUND FOR Amanda Claybaugh (b1effcd0137c87e90720c4f1ce188b60)
WARNING: 33880: NO DATA FOUND FOR John Stauffer (5803a5a34ebf6e53757c113ac97051c0)
WARNING: 33187: No comments found for course taught after 2007
WARNING: 33187: Course has no instructors
WARNING: 33188: No comments found for course taught after 2007
WARNING: 33188: Course has no instructors
WARNING: 33189: No comments found for course taught after 2007
WARNING: 33189: Course has no instructors
WARNING: 33190: No comments found for course taught after 2007
WARNING: 33190: Course has no instructors
WARNING: 33183: No comments found for course taught after 2007
WARNING: 33183: NO DATA FOUND FOR Lisa Caroline Parkes (c6f2d2ffa9313ac48deab17d6a361834)
WARNING: 33184: No comments found for course taught after 2007
WARNING: 33184: NO DATA FOUND FOR Lisa Caroline Parkes (c6f2d2ffa9313ac48deab17d6a361834)
WARNING: 33185: NO DATA FOUND FOR Charles Lutcavage (413f751536b6c7987e159516b721494e)
WARNING: 33186: NO DATA FOUND FOR Daniel James Bowles (f2eb4a37c13c5a894d93e2d55ae0bf2c)
WARNING: 33181: NO DATA FOUND FOR Daniel James Bowles (f2eb4a37c13c5a894d93e2d55ae0bf2c)
WARNING: 33182: NO DATA FOUND FOR Judith L. Ryan (54f3b25241b12492545ef7c0432b9081)
WARNING: 33699: NO DATA FOUND FOR Ursula Lindqvist (4db2e3d1e299f3f025413105bb2ef6de)
WARNING: 33700: NO DATA FOUND FOR Ursula Lindqvist (4db2e3d1e299f3f025413105bb2ef6de)
WARNING: 33698: NO DATA FOUND FOR Ursula Lindqvist (4db2e3d1e299f3f025413105bb2ef6de)
WARNING: 33854: NO DATA FOUND FOR Ursula Lindqvist (4db2e3d1e299f3f025413105bb2ef6de)
WARNING: 33191: NO DATA FOUND FOR Ashish Jha (f339b751c3080660882e5ca7f2e2989d)
WARNING: 33191: NO DATA FOUND FOR Meredith Rosenthal (37de6642d90aa05db1c9caa784b82425)
WARNING: 33192: NO DATA FOUND FOR David Cutler (bbd786b149e2008191ae8eb37a3e82ba)
WARNING: 33193: NO DATA FOUND FOR Eric Beerbohm (a98b4b55f758af1cb04ace192c094256)
WARNING: 33224: NO DATA FOUND FOR Dustin Tingley (d5c0763b57d7c4263138a8a038060ca4)
WARNING: 33225: No comments found for course taught after 2007
WARNING: 33225: NO DATA FOUND FOR Arthur Spirling (1a3c42369067de659267e287340802de)
WARNING: 33226: NO DATA FOUND FOR Frances Hagopian (9ff2b07269961c4b8f928c455a8e33f9)
WARNING: 33227: NO DATA FOUND FOR Cheryl B. Welch (707cad502af55832db541f2f9fb46eb1)
WARNING: 33228: NO DATA FOUND FOR Katie Gallagher (0098ab532644c24823425947ae08d11e)
WARNING: 33229: Course has no instructors
WARNING: 33230: NO DATA FOUND FOR Justin Daniel Gest (df3e3eaee3c0b70d9fd08e73d4ec9b57)
WARNING: 33231: No comments found for course taught after 2007
WARNING: 33231: NO DATA FOUND FOR Carlos E. Diaz Rosillo (7834ade059fdf2a12938aa02e53064db)
WARNING: 33232: Course has no instructors
WARNING: 33233: NO DATA FOUND FOR Susan J. Pharr (b7c908c9b223c29781fa11bdc50abb91)
WARNING: 33234: No comments found for course taught after 2007
WARNING: 33234: NO DATA FOUND FOR Jill Iris Goldenziel (fcf7637ec1ca39fb05811d791baece73)
WARNING: 33235: Course has no instructors
WARNING: 33236: NO DATA FOUND FOR Janet Ingram Lewis (cc2f82df218c3001ac014c45902fde0d)
WARNING: 33237: NO DATA FOUND FOR Mary Sarotte (84f10c0385653e159e4f1aa9ec3031f3)
WARNING: 33238: NO DATA FOUND FOR Theda R Skocpol (62b9f8bb02cc1342740662892fcede11)
WARNING: 33239: Course has no instructors
WARNING: 33240: NO DATA FOUND FOR Shawn Ling Ramirez (598dde89ef1a896915101110504b9e73)
WARNING: 33241: NO DATA FOUND FOR Stephen P. Rosen (9529b58d3ee0273cfc881311a5085433)
WARNING: 33242: Course has no instructors
WARNING: 33243: No comments found for course taught after 2007
WARNING: 33243: Course has no instructors
WARNING: 33244: NO DATA FOUND FOR James E. Alt (78a6feff959fa218a23abca8496ae164)
WARNING: 33244: NO DATA FOUND FOR Michael Rosen (2cdf972d60b29e544a5fd7237769d6ba)
WARNING: 33194: NO DATA FOUND FOR Sumeeta Srinivasan (f4a324e24b2753a1d8b06f5fc86bb3f5)
WARNING: 33195: NO DATA FOUND FOR Sumeeta Srinivasan (f4a324e24b2753a1d8b06f5fc86bb3f5)
WARNING: 33196: NO DATA FOUND FOR Pedram Safari (40328820184225a5f89c24af7859aa85)
WARNING: 33197: NO DATA FOUND FOR Richard Tuck (0603e2610b10050a18554945e7d5ced0)
WARNING: 33198: NO DATA FOUND FOR Eric Matthew Nelson (180a2fbc62466322637515d00a5f2f34)
WARNING: 33199: NO DATA FOUND FOR Roberto Unger (364131a5f409e74f89a4ac6f8b2547e3)
WARNING: 33200: NO DATA FOUND FOR Nahomi Ichino (396d8757569469ca7ff29bbc3fbcd0c7)
WARNING: 33200: NO DATA FOUND FOR James Robinson (629c44f6b64f514b5c2d1bc243315d33)
WARNING: 33201: NO DATA FOUND FOR Grzegorz Ekiert (1260381ab8f1370a05d0aad607c56ac9)
WARNING: 33202: No comments found for course taught after 2007
WARNING: 33202: NO DATA FOUND FOR Yumiko Shimabukuro (e4329dba3b3bace13baf712a3a49b415)
WARNING: 33203: NO DATA FOUND FOR Steven R. Levitsky (3d27de2a8fd5e5ed62cf9958612d777e)
WARNING: 33204: NO DATA FOUND FOR Stephen Daniel Ansolabehere (eaf85013fcd34b027638a1a32dd83502)
WARNING: 33205: NO DATA FOUND FOR Ryan D. Enos (5b9d4934bb2a0c05d49e21440b97ad6c)
WARNING: 33206: NO DATA FOUND FOR Stephen M. Walt (43b10afd384e38bf5aeab67bcd24a411)
WARNING: 33207: Course has no instructors
WARNING: 33208: NO DATA FOUND FOR Jeffry A. Frieden (bf6fe0d2f9194c000ceac603dbabfc90)
WARNING: 33209: NO DATA FOUND FOR Gary King (478a247cd5ffa018a72e7c1adf835baa)
WARNING: 33210: NO DATA FOUND FOR James Robinson (629c44f6b64f514b5c2d1bc243315d33)
WARNING: 33211: NO DATA FOUND FOR Arthur Applbaum (774405734056de8cd51a3952ce2e5316)
WARNING: 33212: NO DATA FOUND FOR Michael Frazer (5adb7b8dc14e974bb14bd3d42e600800)
WARNING: 33213: NO DATA FOUND FOR Patrick Riley (5cea8ed6ee022e0d2c2b4652a184f56a)
WARNING: 33214: NO DATA FOUND FOR Grzegorz Ekiert (1260381ab8f1370a05d0aad607c56ac9)
WARNING: 33214: NO DATA FOUND FOR Elizabeth J. Perry (8ee5934e4ffbdaaa97bcdb7c3df9e87a)
WARNING: 33215: NO DATA FOUND FOR Steven R. Levitsky (3d27de2a8fd5e5ed62cf9958612d777e)
WARNING: 33216: NO DATA FOUND FOR Jeffry A. Frieden (bf6fe0d2f9194c000ceac603dbabfc90)
WARNING: 33216: NO DATA FOUND FOR Kenneth A. Shepsle (e280a6be046d6fc95ac243ec311e5877)
WARNING: 33217: NO DATA FOUND FOR Amitabh Chandra (1cb6ee68200e5e3e90a4bdb968ffe6de)
WARNING: 33217: NO DATA FOUND FOR Jennifer L. Hochschild (73010804b38948a70f242a4703ccc3e2)
WARNING: 33218: NO DATA FOUND FOR Ryan D. Enos (5b9d4934bb2a0c05d49e21440b97ad6c)
WARNING: 33219: NO DATA FOUND FOR Alastair Iain Johnston (78da1c4db54dbd15bb39cc9a1a105efc)
WARNING: 33220: NO DATA FOUND FOR Beth Simmons (2d5d1f81907cd6a97759c1a0fb1d3edc)
WARNING: 33221: NO DATA FOUND FOR Muhammet Bas (f7c9af2ef4e5162a3fe5de55dabd9c10)
WARNING: 33222: NO DATA FOUND FOR Timothy J Colton (c1e9ffa46ec3d5e5fce6129d8ae4b4c1)
WARNING: 33222: NO DATA FOUND FOR Serhii Plokhii (6b7356399a9eab69b4609e1ca8b3f79c)
WARNING: 33223: NO DATA FOUND FOR Muhammet Bas (f7c9af2ef4e5162a3fe5de55dabd9c10)
WARNING: 33223: NO DATA FOUND FOR Dustin Tingley (d5c0763b57d7c4263138a8a038060ca4)
WARNING: 33345: NO DATA FOUND FOR Richard Frank (799899c42ba2678ebd0dbd49daa00c3f)
WARNING: 33345: NO DATA FOUND FOR Joseph P. Newhouse (ed4806e35289c1780a0c5ba2341794c3)
WARNING: 33345: NO DATA FOUND FOR Alan Zaslavsky (75332c41bfc7ee254a77da3862d857cf)
WARNING: 33313: No comments found for course taught after 2007
WARNING: 33313: Course has no instructors
WARNING: 33317: Course has no instructors
WARNING: 33318: No comments found for course taught after 2007
WARNING: 33319: No comments found for course taught after 2007
WARNING: 33322: No comments found for course taught after 2007
WARNING: 33288: No comments found for course taught after 2007
WARNING: 33291: Course has no instructors
WARNING: 33295: No comments found for course taught after 2007
WARNING: 33300: No comments found for course taught after 2007
WARNING: 33306: No comments found for course taught after 2007
WARNING: 33309: No comments found for course taught after 2007
WARNING: 33309: Course has no instructors
WARNING: 33270: No comments found for course taught after 2007
WARNING: 33271: Course has no instructors
WARNING: 33260: No comments found for course taught after 2007
WARNING: 33261: No comments found for course taught after 2007
WARNING: 33262: No comments found for course taught after 2007
WARNING: 33343: Course has no instructors
WARNING: 33333: No comments found for course taught after 2007
WARNING: 33347: No comments found for course taught after 2007
WARNING: 33395: No comments found for course taught after 2007
WARNING: 33398: No comments found for course taught after 2007
WARNING: 33434: No comments found for course taught after 2007
WARNING: 33432: No comments found for course taught after 2007
WARNING: 33437: No comments found for course taught after 2007
WARNING: 33438: No comments found for course taught after 2007
WARNING: 33445: No comments found for course taught after 2007
WARNING: 33453: No comments found for course taught after 2007
WARNING: 33453: Course has no instructors
WARNING: 33446: No comments found for course taught after 2007
WARNING: 33446: Course has no instructors
WARNING: 33451: No comments found for course taught after 2007
WARNING: 32996: No comments found for course taught after 2007
WARNING: 33016: No comments found for course taught after 2007
WARNING: 33016: Course has no instructors
WARNING: 33020: Course has no instructors
WARNING: 33022: NO DATA FOUND
WARNING: 33178: Course has no instructors
WARNING: 33180: Course has no instructors
WARNING: 33273: Course has no instructors
WARNING: 33274: NO DATA FOUND
WARNING: 33275: Course has no instructors
WARNING: 33351: Course has no instructors
WARNING: 33480: Course has no instructors
WARNING: 33528: Course has no instructors
WARNING: 33724: Course has no instructors
WARNING: 33725: Course has no instructors
WARNING: 33728: Course has no instructors
WARNING: 33455: Course has no instructors
WARNING: 33473: No comments found for course taught after 2007
WARNING: 33498: NO DATA FOUND
WARNING: 33063: Course has no instructors
WARNING: 33492: Course has no instructors
WARNING: 33565: No comments found for course taught after 2007
WARNING: 33563: No comments found for course taught after 2007
WARNING: 33866: Course has no instructors
WARNING: 33867: Course has no instructors
WARNING: 33532: Course has no instructors
WARNING: 33533: Course has no instructors
WARNING: 33535: Course has no instructors
WARNING: 33536: Course has no instructors
WARNING: 33537: Course has no instructors
WARNING: 33538: Course has no instructors
WARNING: 33539: Course has no instructors
WARNING: 33561: NO DATA FOUND FOR David Haig (3ee5f9b7bc03e98873dcff9b5a1f3ad3)
WARNING: 33554: Course has no instructors
WARNING: 33584: Course has no instructors
WARNING: 33585: Course has no instructors
WARNING: 33578: No comments found for course taught after 2007
WARNING: 33593: No comments found for course taught after 2007
WARNING: 33604: No comments found for course taught after 2007
WARNING: 33664: Course has no instructors
WARNING: 33665: Course has no instructors
WARNING: 33667: No comments found for course taught after 2007
WARNING: 33667: Course has no instructors
WARNING: 33647: No comments found for course taught after 2007
WARNING: 33654: No comments found for course taught after 2007
WARNING: 33656: Course has no instructors
WARNING: 32843: Course has no instructors
WARNING: 32844: Course has no instructors
WARNING: 32845: Course has no instructors
WARNING: 32835: No comments found for course taught after 2007
WARNING: 32835: Course has no instructors
WARNING: 32836: No comments found for course taught after 2007
WARNING: 32836: Course has no instructors
WARNING: 32838: No comments found for course taught after 2007
WARNING: 32838: Course has no instructors
WARNING: 32839: No comments found for course taught after 2007
WARNING: 33363: Course has no instructors
WARNING: 33364: Course has no instructors
WARNING: 33365: Course has no instructors
WARNING: 33366: Course has no instructors
WARNING: 33361: Course has no instructors
WARNING: 33362: Course has no instructors
WARNING: 33621: Course has no instructors
WARNING: 33622: Course has no instructors
WARNING: 33623: Course has no instructors
WARNING: 33617: Course has no instructors
WARNING: 33618: Course has no instructors
WARNING: 33822: Course has no instructors
WARNING: 33823: Course has no instructors
WARNING: 33824: Course has no instructors
WARNING: 33825: Course has no instructors
WARNING: 33814: Course has no instructors
WARNING: 33816: Course has no instructors
WARNING: 33742: No comments found for course taught after 2007
WARNING: 33746: Course has no instructors
WARNING: 33739: No comments found for course taught after 2007
WARNING: 33791: No comments found for course taught after 2007
WARNING: 33794: No comments found for course taught after 2007
WARNING: 33782: No comments found for course taught after 2007
WARNING: 33782: Course has no instructors
WARNING: 33786: No comments found for course taught after 2007
WARNING: 33760: No comments found for course taught after 2007
WARNING: 33760: Course has no instructors
WARNING: 33765: No comments found for course taught after 2007
WARNING: 33767: No comments found for course taught after 2007
WARNING: 33772: Course has no instructors
WARNING: 33773: No comments found for course taught after 2007
WARNING: 33778: No comments found for course taught after 2007
WARNING: 33525: NO DATA FOUND FOR Michael E. J. Witzel (5ba259e923ae9ecd6970409a8d33897d)
WARNING: 33526: NO DATA FOUND FOR Michael E. J. Witzel (5ba259e923ae9ecd6970409a8d33897d)
WARNING: 33695: No comments found for course taught after 2007
WARNING: 33696: No comments found for course taught after 2007
WARNING: 33859: NO DATA FOUND FOR Parimal G. Patil (406c66c2ec01af17cb5feb020ed97cf6)
WARNING: 33863: NO DATA FOUND FOR Leonard van der Kuijp (59cd896e88d4d9a4f84994a96462d10a)
WARNING: 33864: No comments found for course taught after 2007
WARNING: 33830: No comments found for course taught after 2007
WARNING: 33833: No comments found for course taught after 2007
WARNING: 33839: No comments found for course taught after 2007
WARNING: 33841: Course has no instructors
WARNING: 33842: No comments found for course taught after 2007
WARNING: 33935: No comments found for course taught after 2007
WARNING: 33926: No comments found for course taught after 2007
WARNING: 33855: Course has no instructors
WARNING: 33248: No comments found for course taught after 2007
WARNING: 33248: Course has no instructors
WARNING: 33249: No comments found for course taught after 2007
WARNING: 33249: Course has no instructors
WARNING: 33250: No comments found for course taught after 2007
WARNING: 33250: Course has no instructors
WARNING: 33390: No comments found for course taught after 2007
WARNING: 33390: Course has no instructors
WARNING: 33391: No comments found for course taught after 2007
WARNING: 33391: Course has no instructors
WARNING: 33392: Course has no instructors
WARNING: 33393: No comments found for course taught after 2007
WARNING: 33393: Course has no instructors
WARNING: 33475: No comments found for course taught after 2007
WARNING: 33668: No comments found for course taught after 2007
WARNING: 33669: Course has no instructors
WARNING: 33674: No comments found for course taught after 2007
WARNING: 33674: Course has no instructors
WARNING: 33675: No comments found for course taught after 2007
WARNING: 33675: Course has no instructors
WARNING: 33885: No comments found for course taught after 2007
WARNING: 33895: No comments found for course taught after 2007
WARNING: 28289: Course has no instructors
WARNING: 28290: Course has no instructors
WARNING: 28291: Course has no instructors
WARNING: 28292: Course has no instructors
WARNING: 28293: Course has no instructors
WARNING: 28295: Course has no instructors
WARNING: 28300: Course has no instructors
WARNING: 28272: Course has no instructors
WARNING: 28369: Course has no instructors
WARNING: 27870: Course has no instructors
WARNING: 28371: Course has no instructors
WARNING: 28376: Course has no instructors
WARNING: 27655: Course has no instructors
WARNING: 28372: Course has no instructors
WARNING: 28377: Course has no instructors
WARNING: 27669: Course has no instructors
WARNING: 27491: No comments found for course taught after 2007
WARNING: 28504: No comments found for course taught after 2007
WARNING: 28156: NO DATA FOUND FOR Jonathan E. Grindlay (45ad6f6a956c1c052f6f9f6732f7a1af)
WARNING: 28156: NO DATA FOUND FOR John M Kovac (5dff1a8ebc913e4eed96daf26e32c8c1)
WARNING: 28254: Course has no instructors
WARNING: 30054: Course has no instructors
WARNING: 30056: Course has no instructors
WARNING: 30058: Course has no instructors
WARNING: 30144: NO DATA FOUND FOR John M Mugane (8991604883a4ca2601298f8ea013b389)
WARNING: 30147: NO DATA FOUND FOR John M Mugane (8991604883a4ca2601298f8ea013b389)
WARNING: 29544: No comments found for course taught after 2007
WARNING: 29785: NO DATA FOUND FOR Ali S. Asani (b734a65a5e0b66fad7b18d12f2eab69d)
WARNING: 29791: NO DATA FOUND FOR John M Mugane (8991604883a4ca2601298f8ea013b389)
WARNING: 29703: Course has no instructors
WARNING: 29144: No comments found for course taught after 2007
WARNING: 29108: No comments found for course taught after 2007
WARNING: 30012: Course has no instructors
WARNING: 29170: Course has no instructors
WARNING: 30043: No comments found for course taught after 2007
WARNING: 29464: Course has no instructors
WARNING: 29472: Course has no instructors
WARNING: 30279: Course has no instructors
WARNING: 29473: Course has no instructors
WARNING: 29562: Course has no instructors
WARNING: 29720: Course has no instructors
WARNING: 29445: Course has no instructors
WARNING: 29502: Course has no instructors
WARNING: 29477: Course has no instructors
WARNING: 29287: Course has no instructors
WARNING: 29395: No comments found for course taught after 2007
WARNING: 30142: Course has no instructors
WARNING: 29397: No comments found for course taught after 2007
WARNING: 29492: No comments found for course taught after 2007
WARNING: 29492: Course has no instructors
WARNING: 29493: No comments found for course taught after 2007
WARNING: 29493: Course has no instructors
WARNING: 30114: No comments found for course taught after 2007
WARNING: 29587: No comments found for course taught after 2007
WARNING: 29587: Course has no instructors
WARNING: 29378: No comments found for course taught after 2007
WARNING: 29390: No comments found for course taught after 2007
WARNING: 29243: No comments found for course taught after 2007
WARNING: 29111: No comments found for course taught after 2007
WARNING: 29819: No comments found for course taught after 2007
WARNING: 29104: No comments found for course taught after 2007
WARNING: 29596: No comments found for course taught after 2007
WARNING: 30205: Course has no instructors
WARNING: 29416: No comments found for course taught after 2007
WARNING: 29348: Course has no instructors
WARNING: 29226: Course has no instructors
WARNING: 29793: No comments found for course taught after 2007
WARNING: 30230: Course has no instructors
WARNING: 29500: No comments found for course taught after 2007
WARNING: 30698: NO DATA FOUND
